#
# There is insufficient memory for the Java Runtime Environment to continue.
# Native memory allocation (malloc) failed to allocate 1048576 bytes for AllocateHeap
# Possible reasons:
#   The system is out of physical RAM or swap space
#   In 32 bit mode, the process size limit was hit
# Possible solutions:
#   Reduce memory load on the system
#   Increase physical memory or swap space
#   Check if swap backing store is full
#   Use 64 bit Java on a 64 bit OS
#   Decrease Java heap size (-Xmx/-Xms)
#   Decrease number of Java threads
#   Decrease Java thread stack sizes (-Xss)
#   Set larger code cache with -XX:ReservedCodeCacheSize=
# This output file may be truncated or incomplete.
#
#  Out of Memory Error (memory/allocation.inline.hpp:61), pid=8212, tid=5360
#
# JRE version:  (7.0_51-b13) (build )
# Java VM: Java HotSpot(TM) 64-Bit Server VM (24.51-b03 mixed mode windows-amd64 compressed oops)
# Failed to write core dump. Minidumps are not enabled by default on client versions of Windows
#

---------------  T H R E A D  ---------------

Current thread (0x000000000256f800):  JavaThread "Unknown thread" [_thread_in_vm, id=5360, stack(0x0000000002760000,0x0000000002860000)]

Stack: [0x0000000002760000,0x0000000002860000]

---------------  P R O C E S S  ---------------

Java Threads: ( => current thread )

Other Threads:

=>0x000000000256f800 (exited) JavaThread "Unknown thread" [_thread_in_vm, id=5360, stack(0x0000000002760000,0x0000000002860000)]

VM state:not at safepoint (normal execution)

VM Mutex/Monitor currently owned by a thread: None

Heap
 PSYoungGen      total 38912K, used 675K [0x00000007d5500000, 0x00000007d8000000, 0x0000000800000000)
  eden space 33792K, 2% used [0x00000007d5500000,0x00000007d55a8fc8,0x00000007d7600000)
  from space 5120K, 0% used [0x00000007d7b00000,0x00000007d7b00000,0x00000007d8000000)
  to   space 5120K, 0% used [0x00000007d7600000,0x00000007d7600000,0x00000007d7b00000)
 ParOldGen       total 87040K, used 0K [0x0000000780000000, 0x0000000785500000, 0x00000007d5500000)
  object space 87040K, 0% used [0x0000000780000000,0x0000000780000000,0x0000000785500000)
 PSPermGen       total 21504K, used 656K [0x000000077ae00000, 0x000000077c300000, 0x0000000780000000)
  object space 21504K, 3% used [0x000000077ae00000,0x000000077aea41e8,0x000000077c300000)

Card table byte_map: [0x0000000005860000,0x0000000005c90000] byte_map_base: 0x0000000001c89000

Polling page: 0x0000000000120000

Code Cache  [0x0000000002860000, 0x0000000002ad0000, 0x0000000005860000)
 total_blobs=38 nmethods=0 adapters=20 free_code_cache=48889Kb largest_free_block=50062528

Compilation events (0 events):
No events

GC Heap History (0 events):
No events

Deoptimization events (0 events):
No events

Internal exceptions (0 events):
No events

Events (10 events):
Event: 0.042 loading class 0x000000000246e150
Event: 0.042 loading class 0x000000000246e150 done
Event: 0.042 loading class 0x000000000246e1a0
Event: 0.043 loading class 0x000000000246e1a0 done
Event: 0.043 loading class 0x000000000246e1f0
Event: 0.043 loading class 0x000000000246e1f0 done
Event: 0.044 loading class 0x000000000246ef50
Event: 0.044 loading class 0x000000000246ef50 done
Event: 0.044 loading class 0x000000000246eb70
Event: 0.044 loading class 0x000000000246eb70 done


Dynamic libraries:
0x000000013f8d0000 - 0x000000013f903000 	E:\java\bin\javaw.exe
0x00000000779d0000 - 0x0000000077b79000 	C:\windows\SYSTEM32\ntdll.dll
0x00000000777b0000 - 0x00000000778cf000 	C:\windows\system32\kernel32.dll
0x000007fefda60000 - 0x000007fefdacc000 	C:\windows\system32\KERNELBASE.dll
0x000007feffc00000 - 0x000007feffcdb000 	C:\windows\system32\ADVAPI32.dll
0x000007fefdb40000 - 0x000007fefdbdf000 	C:\windows\system32\msvcrt.dll
0x000007fefde00000 - 0x000007fefde1f000 	C:\windows\SYSTEM32\sechost.dll
0x000007feff8c0000 - 0x000007feff9ed000 	C:\windows\system32\RPCRT4.dll
0x00000000778d0000 - 0x00000000779ca000 	C:\windows\system32\USER32.dll
0x000007fefe690000 - 0x000007fefe6f7000 	C:\windows\system32\GDI32.dll
0x000007fefdd70000 - 0x000007fefdd7e000 	C:\windows\system32\LPK.dll
0x000007feff7f0000 - 0x000007feff8b9000 	C:\windows\system32\USP10.dll
0x000007fefc200000 - 0x000007fefc3f4000 	C:\windows\WinSxS\amd64_microsoft.windows.common-controls_6595b64144ccf1df_6.0.7601.18837_none_fa3b1e3d17594757\COMCTL32.dll
0x000007fefe700000 - 0x000007fefe771000 	C:\windows\system32\SHLWAPI.dll
0x000007fefea30000 - 0x000007fefea5e000 	C:\windows\system32\IMM32.DLL
0x000007fefdee0000 - 0x000007fefdfe9000 	C:\windows\system32\MSCTF.dll
0x00000000594a0000 - 0x0000000059572000 	E:\java\bin\msvcr100.dll
0x0000000053e70000 - 0x0000000054639000 	E:\java\bin\server\jvm.dll
0x000007feef8e0000 - 0x000007feef8e9000 	C:\windows\system32\WSOCK32.dll
0x000007fefe780000 - 0x000007fefe7cd000 	C:\windows\system32\WS2_32.dll
0x000007fefe580000 - 0x000007fefe588000 	C:\windows\system32\NSI.dll
0x000007fefb710000 - 0x000007fefb74b000 	C:\windows\system32\WINMM.dll
0x0000000077ba0000 - 0x0000000077ba7000 	C:\windows\system32\PSAPI.DLL
0x0000000065330000 - 0x000000006533f000 	E:\java\bin\verify.dll
0x0000000059f80000 - 0x0000000059fa8000 	E:\java\bin\java.dll
0x0000000059f60000 - 0x0000000059f75000 	E:\java\bin\zip.dll

VM Arguments:
jvm_args: -Dfile.encoding=UTF-8 
java_command: com.hand.dao.Test
Launcher Type: SUN_STANDARD

Environment Variables:
JAVA_HOME=E:\jdk1.7
CLASSPATH=.;E:\jdk1.7\lib;E:\jdk1.7\lib\tools.jar
PATH=C:\Program Files (x86)\Intel\iCLS Client\;C:\Program Files\Intel\iCLS Client\;C:\windows\system32;C:\windows;C:\windows\System32\Wbem;C:\windows\System32\WindowsPowerShell\v1.0\;C:\Program Files\Intel\WiFi\bin\;C:\Program Files\Common Files\Intel\WirelessCommon\;C:\Program Files\Intel\Intel(R) Management Engine Components\DAL;C:\Program Files (x86)\Intel\Intel(R) Management Engine Components\DAL;C:\Program Files\Intel\Intel(R) Management Engine Components\IPT;C:\Program Files (x86)\Intel\Intel(R) Management Engine Components\IPT;E:\jdk1.7\bin;E:\jdk1.7\jre\bin;E:\svn\bin;E:\apache-maven-3.3.3\bin;E:\nexus\nexus-2.8.1-01-bundle\nexus-2.8.1-01\bin
USERNAME=kaidi
OS=Windows_NT
PROCESSOR_IDENTIFIER=Intel64 Family 6 Model 61 Stepping 4, GenuineIntel



---------------  S Y S T E M  ---------------

OS: Windows 7 , 64 bit Build 7601 Service Pack 1

CPU:total 4 (2 cores per cpu, 2 threads per core) family 6 model 61 stepping 4, cmov, cx8, fxsr, mmx, sse, sse2, sse3, ssse3, sse4.1, sse4.2, popcnt, avx, avx2, aes, erms, ht, tsc, tscinvbit

Memory: 4k page, physical 8388608k(886412k free), swap 33493360k(21648k free)

vm_info: Java HotSpot(TM) 64-Bit Server VM (24.51-b03) for windows-amd64 JRE (1.7.0_51-b13), built on Dec 18 2013 18:40:56 by "java_re" with unknown MS VC++:1600

time: Mon Aug 31 17:38:58 2015
elapsed time: 0 seconds

